nohup: ignoring input
wandb: Currently logged in as: harito97 (harito). Use `wandb login --relogin` to force relogin
wandb: - Waiting for wandb.init()...wandb: \ Waiting for wandb.init()...wandb: wandb version 0.17.6 is available!  To upgrade, please run:
wandb:  $ pip install wandb --upgrade
wandb: Tracking run with wandb version 0.17.5
wandb: Run data is saved locally in /home/haipn/Research_ThyroidFNA_ClassAI/wandb/run-20240812_051211-jenkds4f
wandb: Run `wandb offline` to turn off syncing.
wandb: Syncing run experiment 23: Retrain EfficientNetB0
wandb: ⭐️ View project at https://wandb.ai/harito/ThyroidFNA_ClassAI
wandb: 🚀 View run at https://wandb.ai/harito/ThyroidFNA_ClassAI/runs/jenkds4f
Running Experiment 23: Retrain EfficientNetB0
Number of training samples: 1441
Number of validation samples: 363
Data loaded successfully.
Class weights: tensor([1.1961, 1.0660, 0.7380])
Epoch 1/100:
	+ Train Loss: 0.839198, Train Accuracy: 0.634282
	+ Validation Loss: 0.660207, Validation Accuracy: 0.735537
Model saved to results/experiment_23/experiment_23.pth
Epoch 2/100:
	+ Train Loss: 0.526134, Train Accuracy: 0.784178
	+ Validation Loss: 0.537189, Validation Accuracy: 0.760331
Model saved to results/experiment_23/experiment_23.pth
Epoch 3/100:
	+ Train Loss: 0.431356, Train Accuracy: 0.809160
	+ Validation Loss: 0.564675, Validation Accuracy: 0.768595
Epoch 4/100:
	+ Train Loss: 0.329121, Train Accuracy: 0.851492
	+ Validation Loss: 0.513530, Validation Accuracy: 0.793388
Model saved to results/experiment_23/experiment_23.pth
Epoch 5/100:
	+ Train Loss: 0.318238, Train Accuracy: 0.861207
	+ Validation Loss: 0.520200, Validation Accuracy: 0.779614
Epoch 6/100:
	+ Train Loss: 0.295643, Train Accuracy: 0.867453
	+ Validation Loss: 0.494790, Validation Accuracy: 0.804408
Model saved to results/experiment_23/experiment_23.pth
Epoch 7/100:
	+ Train Loss: 0.231038, Train Accuracy: 0.897294
	+ Validation Loss: 0.542968, Validation Accuracy: 0.798898
Epoch 8/100:
	+ Train Loss: 0.199113, Train Accuracy: 0.916031
	+ Validation Loss: 0.463143, Validation Accuracy: 0.834711
Model saved to results/experiment_23/experiment_23.pth
Epoch 9/100:
	+ Train Loss: 0.174065, Train Accuracy: 0.924358
	+ Validation Loss: 0.488254, Validation Accuracy: 0.820937
Epoch 10/100:
	+ Train Loss: 0.164287, Train Accuracy: 0.925746
	+ Validation Loss: 0.523179, Validation Accuracy: 0.818182
Epoch 11/100:
	+ Train Loss: 0.124104, Train Accuracy: 0.947259
	+ Validation Loss: 0.468202, Validation Accuracy: 0.834711
Epoch 12/100:
	+ Train Loss: 0.123247, Train Accuracy: 0.959056
	+ Validation Loss: 0.519341, Validation Accuracy: 0.831956
Epoch 13/100:
	+ Train Loss: 0.133075, Train Accuracy: 0.942401
	+ Validation Loss: 0.524077, Validation Accuracy: 0.834711
Epoch 14/100:
	+ Train Loss: 0.117361, Train Accuracy: 0.956280
	+ Validation Loss: 0.478606, Validation Accuracy: 0.842975
Epoch 15/100:
	+ Train Loss: 0.116545, Train Accuracy: 0.953505
	+ Validation Loss: 0.492176, Validation Accuracy: 0.826446
Epoch 16/100:
	+ Train Loss: 0.113059, Train Accuracy: 0.961138
	+ Validation Loss: 0.483758, Validation Accuracy: 0.834711
Epoch 17/100:
	+ Train Loss: 0.118163, Train Accuracy: 0.952811
	+ Validation Loss: 0.505901, Validation Accuracy: 0.829201
Epoch 18/100:
	+ Train Loss: 0.119242, Train Accuracy: 0.954892
wandb: - 0.003 MB of 0.009 MB uploadedwandb: \ 0.003 MB of 0.014 MB uploadedwandb: | 0.007 MB of 0.014 MB uploadedwandb: / 0.007 MB of 0.014 MB uploadedwandb: - 0.014 MB of 0.014 MB uploadedwandb:                                                                                
wandb: 
wandb: Run history:
wandb: train_accuracy ▁▄▅▆▆▆▇▇▇▇████████
wandb:     train_loss █▅▄▃▃▃▂▂▂▁▁▁▁▁▁▁▁▁
wandb: valid_accuracy ▁▃▃▅▄▅▅▇▇▆▇▇▇█▇▇▇▇
wandb:     valid_loss █▄▅▃▃▂▄▁▂▃▁▃▃▂▂▂▃▃
wandb: 
wandb: Run summary:
wandb: train_accuracy 0.95489
wandb:     train_loss 0.11924
wandb: valid_accuracy 0.83471
wandb:     valid_loss 0.50578
wandb: 
wandb: 🚀 View run experiment 23: Retrain EfficientNetB0 at: https://wandb.ai/harito/ThyroidFNA_ClassAI/runs/jenkds4f
wandb: ⭐️ View project at: https://wandb.ai/harito/ThyroidFNA_ClassAI
wandb: Synced 6 W&B file(s), 0 media file(s), 0 artifact file(s) and 0 other file(s)
wandb: Find logs at: ./wandb/run-20240812_051211-jenkds4f/logs
wandb: WARNING The new W&B backend becomes opt-out in version 0.18.0; try it out with `wandb.require("core")`! See https://wandb.me/wandb-core for more information.
wandb: - Waiting for wandb.init()...wandb: \ Waiting for wandb.init()...wandb: wandb version 0.17.6 is available!  To upgrade, please run:
wandb:  $ pip install wandb --upgrade
wandb: Tracking run with wandb version 0.17.5
wandb: Run data is saved locally in /home/haipn/Research_ThyroidFNA_ClassAI/wandb/run-20240812_051524-7t9ic25c
wandb: Run `wandb offline` to turn off syncing.
wandb: Syncing run experiment 23: Retrain EfficientNetB0_validation
wandb: ⭐️ View project at https://wandb.ai/harito/ThyroidFNA_ClassAI
wandb: 🚀 View run at https://wandb.ai/harito/ThyroidFNA_ClassAI/runs/7t9ic25c
	+ Validation Loss: 0.505776, Validation Accuracy: 0.834711
Early stopping triggered after 18 epochs.
wandb: - 0.101 MB of 0.101 MB uploadedwandb: \ 0.101 MB of 0.110 MB uploadedwandb: | 0.104 MB of 0.110 MB uploadedwandb: / 0.104 MB of 0.110 MB uploadedwandb: - 0.110 MB of 0.110 MB uploadedwandb:                                                                                
wandb: 
wandb: Run history:
wandb:  accuracy ▁
wandb:  f1_score ▁
wandb: precision ▁
wandb:    recall ▁
wandb: 
wandb: Run summary:
wandb:  accuracy 0.83471
wandb:  f1_score 0.83559
wandb: precision 0.84379
wandb:    recall 0.83471
wandb: 
wandb: 🚀 View run experiment 23: Retrain EfficientNetB0_validation at: https://wandb.ai/harito/ThyroidFNA_ClassAI/runs/7t9ic25c
wandb: ⭐️ View project at: https://wandb.ai/harito/ThyroidFNA_ClassAI
wandb: Synced 6 W&B file(s), 3 media file(s), 0 artifact file(s) and 0 other file(s)
wandb: Find logs at: ./wandb/run-20240812_051524-7t9ic25c/logs
wandb: WARNING The new W&B backend becomes opt-out in version 0.18.0; try it out with `wandb.require("core")`! See https://wandb.me/wandb-core for more information.
Accuracy: 0.8347
Precision: 0.8438
Recall: 0.8347
F1 Score: 0.8356
Experiment 23 completed.
